ETR__45__Quinones_c	AN_ELECTRON-TRANSFER_QUINONE (matching json_id not found)
SUC_CCO__45__IN	SUCCINATE
ETR__45__Quinols_c	AN_ELECTRON-TRANSFER_QUINOL (matching json_id not found)
FUM_CCO__45__IN	FUMARATE
AMP_c	AMP
PYRUVATE_c	PYRUVATE
D__45__SEDOHEPTULOSE__45__7__45__P_c	SEDOHEPTULOSE_7-PHOSPHATE
RIBOSE__45__5P_c	ALPHA-D-RIBOSE_5-PHOSPHATE
Pi_c	ORTHOPHOSPHATE
DIHYDROXY__45__ACETONE__45__PHOSPHATE_c	GLYCERONE_PHOSPHATE
D__45__glucopyranose__45__6__45__phosphate_c	D-GLUCOPYRANOSE_6-PHOSPHATE (matching json_id not found)
RIBULOSE__45__5P_c	D-RIBULOSE_5-PHOSPHATE
ERYTHROSE__45__4P_c	D-ERYTHROSE_4-PHOSPHATE
XYLULOSE__45__5__45__PHOSPHATE_c	D-XYLULOSE_5-PHOSPHATE
GAP_c	D-GLYCERALDEHYDE_3-PHOSPHATE
NADP_c	NADP+
NADPH_c	NADPH
SUC_c	SUCCINATE
FRUCTOSE__45__6P_c	BETA-D-FRUCTOFURANOSE_6-PHOSPHATE (matching json_id not found)
FRUCTOSE__45__16__45__DIPHOSPHATE_c	FRUCTOSE_1,6-BISPHOSPHATE (matching json_id not found)
CIT_c	CITRATE
GLYOX_c	GLYOXYLATE
ACETYL__45__COA_c	ACETYL-COA
Pyruvate__45__dehydrogenase__45__acetylDHlipoyl_c	A_[PYRUVATE_DEHYDROGENASE_E2_PROTEIN]_N6-S-ACETYLDIHYDROLIPOYL-L-LYSINE (matching json_id not found)
Pyruvate__45__dehydrogenase__45__dihydrolipoate_c	A_[PYRUVATE_DEHYDROGENASE_E2_PROTEIN]_N6-DIHYDROLIPOYL-L-LYSINE (matching json_id not found)
Pyruvate__45__dehydrogenase__45__lipoate_c	A_[PYRUVATE_DEHYDROGENASE_E2_PROTEIN]_N6-LIPOYL-L-LYSINE (matching json_id not found)
CIS__45__ACONITATE_c	CIS-ACONITATE
THREO__45__DS__45__ISO__45__CITRATE_c	D-THREO-ISOCITRATE (matching json_id not found)
D__45__6__45__P__45__GLUCONO__45__DELTA__45__LACTONE_c	6-PHOSPHO_D-GLUCONO-1,5-LACTONE (matching json_id not found)
CPD__45__2961_c	D-GLUCONATE_6-PHOSPHATE (matching json_id not found)
ATP_c	ATP
DPG_c	3-PHOSPHO-D-GLYCEROYL_PHOSPHATE
ADP_c	ADP
PHOSPHO__45__ENOL__45__PYRUVATE_c	PHOSPHOENOLPYRUVATE
_2__45__PG_c	2-PHOSPHO-D-GLYCERATE
G3P_c	3-PHOSPHO-D-GLYCERATE
SUCC__45__S__45__ALD_c	SUCCINATE_SEMIALDEHYDE
_2__45__KETOGLUTARATE_c	2-OXOGLUTARATE
CO__45__A_c	COA
SUC__45__COA_c	SUCCINYL-COA
CARBON__45__DIOXIDE_c	CO2
NAD_c	NAD+
PROTON_c	H+
OXALACETIC_ACID_c	OXALOACETATE
NADH_c	NADH
MAL_c	MALATE
FUM_c	FUMARATE
WATER_c	H2O
